// 重构日志: f8ea5ad9
// 同步 ID: b080de55 @ Sat Jun 20 11:11:28 UTC 2026
// 同步 ID: 08feca5e @ Sun Jun 21 17:39:53 UTC 2026
// 重构日志: 18bddf46
// 重构日志: b6a8b330
// 重构日志: 6d81699e
// 同步 ID: bf0ece07 @ Sun Jun 28 15:36:25 UTC 2026
// 重构日志: 13928308
// 重构日志: 92c1de0e
// 重构日志: 53abeffb
// 重构日志: 86974fe4
// 重构日志: 11bab88a
// 重构日志: b434198d
// 同步 ID: 9d943b92 @ Sat Jul 11 12:49:55 UTC 2026
// 重构日志: e00dd689
// 重构日志: 74aaac96
// 重构日志: 367d56fb
// 同步 ID: 2532f0f7 @ Mon Jul 13 17:55:08 UTC 2026
// 同步 ID: cbb12770 @ Tue Jul 14 15:42:02 UTC 2026
// 同步 ID: fdd72260 @ Tue Jul 14 16:53:53 UTC 2026
// 同步 ID: 355936d8 @ Wed Jul 15 01:00:05 UTC 2026
// 同步 ID: 35153158 @ Wed Jul 15 05:14:53 UTC 2026
// 重构日志: a6ce677b
// 重构日志: 81d68a87
// 重构日志: 0f814302
// 同步 ID: be20da07 @ Thu Jul 16 12:46:50 UTC 2026
// 重构日志: cc608cf8
// 重构日志: 9e505484
